<?xml version="1.0" encoding="UTF-8"?>
<!-- Generated by org.testng.reporters.JUnitReportReporter -->
<testsuite skipped="0" hostname="DESKTOP-MPL4FM9" name="utils.ExcelDataProvider" tests="4" failures="0" timestamp="01 Jan 2020 16:55:20 GMT" time="63.760" errors="0">
  <testcase name="test1" time="15.532" classname="utils.ExcelDataProvider"/>
  <testcase name="test1" time="15.985" classname="utils.ExcelDataProvider"/>
  <testcase name="test1" time="17.054" classname="utils.ExcelDataProvider"/>
  <testcase name="test1" time="15.189" classname="utils.ExcelDataProvider"/>
</testsuite> <!-- utils.ExcelDataProvider -->
