<?xml version="1.0" encoding="UTF-8"?>
<!-- Generated by org.testng.reporters.JUnitReportReporter -->
<testsuite skipped="0" hostname="DESKTOP-MPL4FM9" name="utils.Guru99BankScreenshot" tests="1" failures="0" timestamp="01 Jan 2020 16:29:58 GMT" time="9.234" errors="0">
  <testcase name="CaptureScreenshot" time="9.234" classname="utils.Guru99BankScreenshot"/>
</testsuite> <!-- utils.Guru99BankScreenshot -->
