<?xml version="1.0" encoding="UTF-8"?>
<!-- Generated by org.testng.reporters.JUnitReportReporter -->
<testsuite skipped="0" hostname="DESKTOP-MPL4FM9" name="utils.Guru99ScreenShotTaken" tests="1" failures="0" timestamp="01 Jan 2020 16:55:20 GMT" time="10.143" errors="0">
  <testcase name="CaptureScreenshot" time="10.143" classname="utils.Guru99ScreenShotTaken"/>
</testsuite> <!-- utils.Guru99ScreenShotTaken -->
